2016-11-27 07:37:15 [127.0.0.1][-][-][error][yii\base\ErrorException:4] exception 'yii\base\ErrorException' with message 'syntax error, unexpected 'endif' (T_ENDIF)' in C:\Sites\home\git.my\www\.git\basic\views\site\comments.php:27
Stack trace:
#0 [internal function]: yii\base\ErrorHandler->handleFatalError()
#1 {main}
2016-11-27 07:37:14 [127.0.0.1][-][-][info][application] $_GET = [
    'r' => 'site/comments'
]

$_COOKIE = [
    '_csrf' => '38cace36e90fb576cad231465360dcf9f7a27fe4015d102d5d84b8c013b339d9a:2:{i:0;s:5:\"_csrf\";i:1;s:32:\"iDCYh2ZG6fYQCvG1TCOC9o5WrdJOIeth\";}'
]

$_SERVER = [
    'HTTP_HOST' => 'git.my'
    'HTTP_CONNECTION' => 'keep-alive'
    'HTTP_UPGRADE_INSECURE_REQUESTS' => '1'
    'HTTP_USER_AGENT' => 'Mozilla/5.0 (Windows NT 6.1; WOW64) AppleWebKit/537.36 (KHTML, like Gecko) Chrome/54.0.2840.99 Safari/537.36'
    'HTTP_ACCEPT' => 'text/html,application/xhtml+xml,application/xml;q=0.9,image/webp,*/*;q=0.8'
    'HTTP_ACCEPT_ENCODING' => 'gzip, deflate, sdch'
    'HTTP_ACCEPT_LANGUAGE' => 'ru-RU,ru;q=0.8,en-US;q=0.6,en;q=0.4'
    'HTTP_COOKIE' => '_csrf=38cace36e90fb576cad231465360dcf9f7a27fe4015d102d5d84b8c013b339d9a%3A2%3A%7Bi%3A0%3Bs%3A5%3A%22_csrf%22%3Bi%3A1%3Bs%3A32%3A%22iDCYh2ZG6fYQCvG1TCOC9o5WrdJOIeth%22%3B%7D'
    'PATH' => 'C:\\Program Files\\Common Files\\Microsoft Shared\\Windows Live;C:\\Program Files (x86)\\Common Files\\Microsoft Shared\\Windows Live;d:\\java_1_3_1\\lib;d:\\java_1_3_1\\bin;C:\\Perl\\site\\bin;C:\\Perl\\bin;D:\\orc\\soft\\bin;D:\\oracle\\product\\11.2.0\\dbhome_1\\bin;D:\\oracle\\soft\\bin;C:\\windows\\system32;C:\\windows;C:\\windows\\System32\\Wbem;C:\\windows\\System32\\WindowsPowerShell\\v1.0\\;C:\\Program Files\\Microsoft\\Web Platform Installer\\;C:\\Program Files\\Microsoft SQL Server\\110\\Tools\\Binn\\;C:\\Program Files (x86)\\Microsoft SQL Server\\100\\Tools\\Binn\\;C:\\Program Files\\Microsoft SQL Server\\100\\Tools\\Binn\\;C:\\Program Files\\Microsoft SQL Server\\100\\DTS\\Binn\\;C:\\Program Files (x86)\\Skype\\Phone\\;C:\\Program Files (x86)\\Windows Live\\Shared;C:\\Program Files\\Git\\cmd;C:\\Program Files\\TortoiseHg\\;C:\\ProgramData\\ComposerSetup\\bin;'
    'SystemRoot' => 'C:\\windows'
    'COMSPEC' => 'C:\\windows\\system32\\cmd.exe'
    'PATHEXT' => '.COM;.EXE;.BAT;.CMD;.VBS;.VBE;.JS;.JSE;.WSF;.WSH;.MSC'
    'WINDIR' => 'C:\\windows'
    'SERVER_SIGNATURE' => ''
    'SERVER_SOFTWARE' => 'Apache/2.4.23 (Win32) PHP/5.5.14'
    'SERVER_NAME' => 'git.my'
    'SERVER_ADDR' => '127.0.0.1'
    'SERVER_PORT' => '80'
    'REMOTE_ADDR' => '127.0.0.1'
    'DOCUMENT_ROOT' => 'C:/Sites/home/git.my/www/.git/basic/web'
    'REQUEST_SCHEME' => 'http'
    'CONTEXT_PREFIX' => ''
    'CONTEXT_DOCUMENT_ROOT' => 'C:/Sites/home/git.my/www/.git/basic/web'
    'SERVER_ADMIN' => 'me@git.my'
    'SCRIPT_FILENAME' => 'C:/Sites/home/git.my/www/.git/basic/web/index.php'
    'REMOTE_PORT' => '52492'
    'GATEWAY_INTERFACE' => 'CGI/1.1'
    'SERVER_PROTOCOL' => 'HTTP/1.1'
    'REQUEST_METHOD' => 'GET'
    'QUERY_STRING' => 'r=site%2Fcomments'
    'REQUEST_URI' => '/index.php?r=site%2Fcomments'
    'SCRIPT_NAME' => '/index.php'
    'PHP_SELF' => '/index.php'
    'REQUEST_TIME_FLOAT' => 1480232234.027
    'REQUEST_TIME' => 1480232234
]
2016-11-27 08:12:40 [127.0.0.1][-][-][error][yii\base\ErrorException:1] exception 'yii\base\ErrorException' with message 'Class 'app\controllers\Paginator' not found' in C:\Sites\home\git.my\www\.git\basic\controllers\SiteController.php:132
Stack trace:
#0 [internal function]: yii\base\ErrorHandler->handleFatalError()
#1 {main}
2016-11-27 08:12:39 [127.0.0.1][-][-][info][application] $_GET = [
    'r' => 'site/comments'
]

$_COOKIE = [
    '_csrf' => '38cace36e90fb576cad231465360dcf9f7a27fe4015d102d5d84b8c013b339d9a:2:{i:0;s:5:\"_csrf\";i:1;s:32:\"iDCYh2ZG6fYQCvG1TCOC9o5WrdJOIeth\";}'
]

$_SERVER = [
    'HTTP_HOST' => 'git.my'
    'HTTP_CONNECTION' => 'keep-alive'
    'HTTP_CACHE_CONTROL' => 'max-age=0'
    'HTTP_UPGRADE_INSECURE_REQUESTS' => '1'
    'HTTP_USER_AGENT' => 'Mozilla/5.0 (Windows NT 6.1; WOW64) AppleWebKit/537.36 (KHTML, like Gecko) Chrome/54.0.2840.99 Safari/537.36'
    'HTTP_ACCEPT' => 'text/html,application/xhtml+xml,application/xml;q=0.9,image/webp,*/*;q=0.8'
    'HTTP_ACCEPT_ENCODING' => 'gzip, deflate, sdch'
    'HTTP_ACCEPT_LANGUAGE' => 'ru-RU,ru;q=0.8,en-US;q=0.6,en;q=0.4'
    'HTTP_COOKIE' => '_csrf=38cace36e90fb576cad231465360dcf9f7a27fe4015d102d5d84b8c013b339d9a%3A2%3A%7Bi%3A0%3Bs%3A5%3A%22_csrf%22%3Bi%3A1%3Bs%3A32%3A%22iDCYh2ZG6fYQCvG1TCOC9o5WrdJOIeth%22%3B%7D'
    'PATH' => 'C:\\Program Files\\Common Files\\Microsoft Shared\\Windows Live;C:\\Program Files (x86)\\Common Files\\Microsoft Shared\\Windows Live;d:\\java_1_3_1\\lib;d:\\java_1_3_1\\bin;C:\\Perl\\site\\bin;C:\\Perl\\bin;D:\\orc\\soft\\bin;D:\\oracle\\product\\11.2.0\\dbhome_1\\bin;D:\\oracle\\soft\\bin;C:\\windows\\system32;C:\\windows;C:\\windows\\System32\\Wbem;C:\\windows\\System32\\WindowsPowerShell\\v1.0\\;C:\\Program Files\\Microsoft\\Web Platform Installer\\;C:\\Program Files\\Microsoft SQL Server\\110\\Tools\\Binn\\;C:\\Program Files (x86)\\Microsoft SQL Server\\100\\Tools\\Binn\\;C:\\Program Files\\Microsoft SQL Server\\100\\Tools\\Binn\\;C:\\Program Files\\Microsoft SQL Server\\100\\DTS\\Binn\\;C:\\Program Files (x86)\\Skype\\Phone\\;C:\\Program Files (x86)\\Windows Live\\Shared;C:\\Program Files\\Git\\cmd;C:\\Program Files\\TortoiseHg\\;C:\\ProgramData\\ComposerSetup\\bin;'
    'SystemRoot' => 'C:\\windows'
    'COMSPEC' => 'C:\\windows\\system32\\cmd.exe'
    'PATHEXT' => '.COM;.EXE;.BAT;.CMD;.VBS;.VBE;.JS;.JSE;.WSF;.WSH;.MSC'
    'WINDIR' => 'C:\\windows'
    'SERVER_SIGNATURE' => ''
    'SERVER_SOFTWARE' => 'Apache/2.4.23 (Win32) PHP/5.5.14'
    'SERVER_NAME' => 'git.my'
    'SERVER_ADDR' => '127.0.0.1'
    'SERVER_PORT' => '80'
    'REMOTE_ADDR' => '127.0.0.1'
    'DOCUMENT_ROOT' => 'C:/Sites/home/git.my/www/.git/basic/web'
    'REQUEST_SCHEME' => 'http'
    'CONTEXT_PREFIX' => ''
    'CONTEXT_DOCUMENT_ROOT' => 'C:/Sites/home/git.my/www/.git/basic/web'
    'SERVER_ADMIN' => 'me@git.my'
    'SCRIPT_FILENAME' => 'C:/Sites/home/git.my/www/.git/basic/web/index.php'
    'REMOTE_PORT' => '56254'
    'GATEWAY_INTERFACE' => 'CGI/1.1'
    'SERVER_PROTOCOL' => 'HTTP/1.1'
    'REQUEST_METHOD' => 'GET'
    'QUERY_STRING' => 'r=site%2Fcomments'
    'REQUEST_URI' => '/index.php?r=site%2Fcomments'
    'SCRIPT_NAME' => '/index.php'
    'PHP_SELF' => '/index.php'
    'REQUEST_TIME_FLOAT' => 1480234359.707
    'REQUEST_TIME' => 1480234359
]
2016-11-27 08:13:20 [127.0.0.1][-][-][error][yii\base\ErrorException:1] exception 'yii\base\ErrorException' with message 'Class 'Yii\data\Pagination' not found' in C:\Sites\home\git.my\www\.git\basic\controllers\SiteController.php:132
Stack trace:
#0 [internal function]: yii\base\ErrorHandler->handleFatalError()
#1 {main}
2016-11-27 08:13:19 [127.0.0.1][-][-][info][application] $_GET = [
    'r' => 'site/comments'
]

$_COOKIE = [
    '_csrf' => '38cace36e90fb576cad231465360dcf9f7a27fe4015d102d5d84b8c013b339d9a:2:{i:0;s:5:\"_csrf\";i:1;s:32:\"iDCYh2ZG6fYQCvG1TCOC9o5WrdJOIeth\";}'
]

$_SERVER = [
    'HTTP_HOST' => 'git.my'
    'HTTP_CONNECTION' => 'keep-alive'
    'HTTP_CACHE_CONTROL' => 'max-age=0'
    'HTTP_UPGRADE_INSECURE_REQUESTS' => '1'
    'HTTP_USER_AGENT' => 'Mozilla/5.0 (Windows NT 6.1; WOW64) AppleWebKit/537.36 (KHTML, like Gecko) Chrome/54.0.2840.99 Safari/537.36'
    'HTTP_ACCEPT' => 'text/html,application/xhtml+xml,application/xml;q=0.9,image/webp,*/*;q=0.8'
    'HTTP_ACCEPT_ENCODING' => 'gzip, deflate, sdch'
    'HTTP_ACCEPT_LANGUAGE' => 'ru-RU,ru;q=0.8,en-US;q=0.6,en;q=0.4'
    'HTTP_COOKIE' => '_csrf=38cace36e90fb576cad231465360dcf9f7a27fe4015d102d5d84b8c013b339d9a%3A2%3A%7Bi%3A0%3Bs%3A5%3A%22_csrf%22%3Bi%3A1%3Bs%3A32%3A%22iDCYh2ZG6fYQCvG1TCOC9o5WrdJOIeth%22%3B%7D'
    'PATH' => 'C:\\Program Files\\Common Files\\Microsoft Shared\\Windows Live;C:\\Program Files (x86)\\Common Files\\Microsoft Shared\\Windows Live;d:\\java_1_3_1\\lib;d:\\java_1_3_1\\bin;C:\\Perl\\site\\bin;C:\\Perl\\bin;D:\\orc\\soft\\bin;D:\\oracle\\product\\11.2.0\\dbhome_1\\bin;D:\\oracle\\soft\\bin;C:\\windows\\system32;C:\\windows;C:\\windows\\System32\\Wbem;C:\\windows\\System32\\WindowsPowerShell\\v1.0\\;C:\\Program Files\\Microsoft\\Web Platform Installer\\;C:\\Program Files\\Microsoft SQL Server\\110\\Tools\\Binn\\;C:\\Program Files (x86)\\Microsoft SQL Server\\100\\Tools\\Binn\\;C:\\Program Files\\Microsoft SQL Server\\100\\Tools\\Binn\\;C:\\Program Files\\Microsoft SQL Server\\100\\DTS\\Binn\\;C:\\Program Files (x86)\\Skype\\Phone\\;C:\\Program Files (x86)\\Windows Live\\Shared;C:\\Program Files\\Git\\cmd;C:\\Program Files\\TortoiseHg\\;C:\\ProgramData\\ComposerSetup\\bin;'
    'SystemRoot' => 'C:\\windows'
    'COMSPEC' => 'C:\\windows\\system32\\cmd.exe'
    'PATHEXT' => '.COM;.EXE;.BAT;.CMD;.VBS;.VBE;.JS;.JSE;.WSF;.WSH;.MSC'
    'WINDIR' => 'C:\\windows'
    'SERVER_SIGNATURE' => ''
    'SERVER_SOFTWARE' => 'Apache/2.4.23 (Win32) PHP/5.5.14'
    'SERVER_NAME' => 'git.my'
    'SERVER_ADDR' => '127.0.0.1'
    'SERVER_PORT' => '80'
    'REMOTE_ADDR' => '127.0.0.1'
    'DOCUMENT_ROOT' => 'C:/Sites/home/git.my/www/.git/basic/web'
    'REQUEST_SCHEME' => 'http'
    'CONTEXT_PREFIX' => ''
    'CONTEXT_DOCUMENT_ROOT' => 'C:/Sites/home/git.my/www/.git/basic/web'
    'SERVER_ADMIN' => 'me@git.my'
    'SCRIPT_FILENAME' => 'C:/Sites/home/git.my/www/.git/basic/web/index.php'
    'REMOTE_PORT' => '56333'
    'GATEWAY_INTERFACE' => 'CGI/1.1'
    'SERVER_PROTOCOL' => 'HTTP/1.1'
    'REQUEST_METHOD' => 'GET'
    'QUERY_STRING' => 'r=site%2Fcomments'
    'REQUEST_URI' => '/index.php?r=site%2Fcomments'
    'SCRIPT_NAME' => '/index.php'
    'PHP_SELF' => '/index.php'
    'REQUEST_TIME_FLOAT' => 1480234399.829
    'REQUEST_TIME' => 1480234399
]
